2024/07/11 22:21:47 {"callers":["D:/goWebPlans/goAiproject/main.go: 25 main.init.0"],"level":"fatal","message":"用户不存在或密码错误,账户: tagaki","time":1720707707065462100}
2024/07/11 22:21:47 {"callers":["D:/goWebPlans/goAiproject/main.go: 25 main.init.0"],"level":"fatal","message":"svc.UserLogin err: Error 1054 (42S22): Unknown column 'is_del' in 'where clause'","time":1720707707068855000}
2024/07/11 22:52:17 {"callers":["D:/goWebPlans/goAiproject/main.go: 25 main.init.0"],"level":"fatal","message":"app.BindAndValid errs: UserPassword长度必须至少为8个字符","time":1720709537701877100}
2024/07/11 22:52:30 {"callers":["D:/goWebPlans/goAiproject/main.go: 25 main.init.0"],"level":"fatal","message":"app.BindAndValid errs: UserAccount长度必须至少为4个字符","time":1720709550717937300}
2024/07/12 12:33:18 {"callers":["D:/goWebPlans/goAiproject/main.go: 25 main.init.0"],"level":"fatal","message":"app.BindAndValid errs: UserAccount为必填字段,UserPassword长度必须至少为8个字符,CheckPassword长度必须至少为8个字符","time":1720758798600499400}
2024/07/12 12:33:38 {"callers":["D:/goWebPlans/goAiproject/main.go: 25 main.init.0"],"level":"fatal","message":"app.BindAndValid errs: UserAccount为必填字段,CheckPassword长度必须至少为8个字符","time":1720758818783686900}
2024/07/12 12:33:58 {"callers":["D:/goWebPlans/goAiproject/main.go: 25 main.init.0"],"level":"fatal","message":"app.BindAndValid errs: UserAccount为必填字段","time":1720758838515093100}
2024/07/12 12:34:31 {"callers":["D:/goWebPlans/goAiproject/main.go: 25 main.init.0"],"level":"fatal","message":"app.BindAndValid errs: UserAccount长度必须至少为4个字符","time":1720758871959985500}
2024/07/12 12:34:36 {"callers":["D:/goWebPlans/goAiproject/main.go: 25 main.init.0"],"level":"fatal","message":"svc.UserRegister err: Error 1054 (42S22): Unknown column 'create_time' in 'field list'","time":1720758876187121000}
2024/07/12 12:46:06 {"callers":["D:/goWebPlans/goAiproject/main.go: 25 main.init.0"],"level":"fatal","message":"svc.UserRegister err: Error 1054 (42S22): Unknown column 'create_time' in 'field list'","time":1720759566413904700}
2024/07/12 13:32:37 {"callers":["D:/goWebPlans/goAiproject/main.go: 25 main.init.0"],"level":"fatal","message":"svc.UserRegister err: 错误码: 10009, 错误信息: 用户已存在","time":1720762357512113800}
2024/07/12 13:34:19 {"callers":["D:/goWebPlans/goAiproject/main.go: 25 main.init.0"],"level":"fatal","message":"svc.UserRegister err: 错误码: 10009, 错误信息: 用户已存在","time":1720762459457700400}
2024/07/12 13:51:22 {"callers":["D:/goWebPlans/goAiproject/main.go: 25 main.init.0"],"level":"fatal","message":"app.BindAndValid errs: UserAccount长度必须至少为4个字符","time":1720763482561634500}
2024/07/12 18:19:17 {"callers":["D:/goWebPlans/goAiproject/main.go: 25 main.init.0"],"level":"fatal","message":"svc.UserRegister err: 错误码: 20010002, 错误信息: 用户已存在","time":1720779557503823400}
2024/07/12 18:23:23 {"callers":["D:/goWebPlans/goAiproject/main.go: 25 main.init.0"],"level":"fatal","message":"svc.UserRegister err: 错误码: 20010002, 错误信息: 用户已存在","time":1720779803715570200}
2024/07/12 18:35:55 {"callers":["D:/goWebPlans/goAiproject/main.go: 25 main.init.0"],"level":"fatal","message":"svc.UserRegister err: 错误码: 20010002, 错误信息: 用户已存在","time":1720780555654323700}
2024/07/12 18:35:57 {"callers":["D:/goWebPlans/goAiproject/main.go: 25 main.init.0"],"level":"fatal","message":"svc.UserRegister err: 错误码: 20010002, 错误信息: 用户已存在","time":1720780557102851900}
2024/07/12 18:35:58 {"callers":["D:/goWebPlans/goAiproject/main.go: 25 main.init.0"],"level":"fatal","message":"svc.UserRegister err: 错误码: 20010002, 错误信息: 用户已存在","time":1720780558536689900}
2024/07/12 18:36:00 {"callers":["D:/goWebPlans/goAiproject/main.go: 25 main.init.0"],"level":"fatal","message":"svc.UserRegister err: 错误码: 20010002, 错误信息: 用户已存在","time":1720780560133984200}
2024/07/12 18:36:02 {"callers":["D:/goWebPlans/goAiproject/main.go: 25 main.init.0"],"level":"fatal","message":"svc.UserRegister err: 错误码: 20010002, 错误信息: 用户已存在","time":1720780562285283200}
2024/07/12 18:36:24 {"callers":["D:/goWebPlans/goAiproject/main.go: 25 main.init.0"],"level":"fatal","message":"app.BindAndValid errs: UserPassword长度必须至少为8个字符","time":1720780584691201400}
2024/07/12 18:36:29 {"callers":["D:/goWebPlans/goAiproject/main.go: 25 main.init.0"],"level":"fatal","message":"svc.UserRegister err: 错误码: 20010001, 错误信息: 两次密码不一致","time":1720780589138396300}
2024/07/12 18:36:42 {"callers":["D:/goWebPlans/goAiproject/main.go: 25 main.init.0"],"level":"fatal","message":"svc.UserRegister err: 错误码: 20010001, 错误信息: 两次密码不一致","time":1720780602894972400}
2024/07/12 18:37:31 {"callers":["D:/goWebPlans/goAiproject/main.go: 25 main.init.0"],"level":"fatal","message":"svc.UserRegister err: 错误码: 20010002, 错误信息: 用户已存在","time":1720780651892257000}
2024/07/12 18:47:31 {"callers":["D:/goWebPlans/goAiproject/main.go: 25 main.init.0"],"level":"fatal","message":"app.BindAndValid errs: UserPassword长度必须至少为8个字符","time":1720781251570774400}
2024/07/12 18:55:04 {"callers":["D:/goWebPlans/goAiproject/main.go: 25 main.init.0"],"level":"fatal","message":"用户不存在或密码错误,账户: gogo","time":1720781704387511500}
2024/07/12 18:55:04 {"callers":["D:/goWebPlans/goAiproject/main.go: 25 main.init.0"],"level":"fatal","message":"svc.UserLogin err: 错误码: 20010003, 错误信息: 用户不存在或密码错误","time":1720781704388094500}
2024/07/12 18:57:32 {"callers":["D:/goWebPlans/goAiproject/main.go: 25 main.init.0"],"level":"fatal","message":"用户不存在或密码错误,账户: gogo","time":1720781852339962000}
2024/07/12 18:57:32 {"callers":["D:/goWebPlans/goAiproject/main.go: 25 main.init.0"],"level":"fatal","message":"svc.UserLogin err: 错误码: 20010003, 错误信息: 用户不存在或密码错误","time":1720781852340520200}
2024/07/12 18:57:33 {"callers":["D:/goWebPlans/goAiproject/main.go: 25 main.init.0"],"level":"fatal","message":"用户不存在或密码错误,账户: gogo","time":1720781853319951600}
2024/07/12 18:57:33 {"callers":["D:/goWebPlans/goAiproject/main.go: 25 main.init.0"],"level":"fatal","message":"svc.UserLogin err: 错误码: 20010003, 错误信息: 用户不存在或密码错误","time":1720781853319951600}
2024/07/12 19:17:28 {"callers":["D:/goWebPlans/goAiproject/main.go: 25 main.init.0"],"level":"fatal","message":"用户不存在或密码错误,账户: gogo","time":1720783048476854300}
2024/07/12 19:17:28 {"callers":["D:/goWebPlans/goAiproject/main.go: 25 main.init.0"],"level":"fatal","message":"svc.UserLogin err: 错误码: 20010003, 错误信息: 用户不存在或密码错误","time":1720783048477396800}
2024/07/13 01:12:48 {"callers":["D:/goWebPlans/goAiproject/main.go: 25 main.init.0"],"level":"fatal","message":"用户不存在或密码错误,账户: gogo","time":1720804368820708800}
2024/07/13 01:12:48 {"callers":["D:/goWebPlans/goAiproject/main.go: 25 main.init.0"],"level":"fatal","message":"svc.UserLogin err: 错误码: 20010003, 错误信息: 用户不存在或密码错误","time":1720804368821865400}
2024/07/13 22:42:27 {"callers":["D:/goWebPlans/goAiproject/main.go: 25 main.init.0"],"level":"fatal","message":"app.BindAndValid errs: ID必须大于或等于1,UserRole长度必须至少为2个字符","time":1720881747027590500}
2024/07/14 18:46:52 {"callers":["D:/goWebPlans/goAiproject/main.go: 25 main.init.0"],"level":"fatal","message":"redis.client.Set err: context deadline exceeded","time":1720954012136775500}
